<?xml version="1.0" encoding="UTF-8"?>
<!-- Generated by org.testng.reporters.JUnitXMLReporter -->
<testsuite ignored="0" hostname="LIN-PF2WY4RX" failures="1" tests="1" name="Default test" time="4.661" errors="0" timestamp="2024-09-16T22:49:47 IST">
  <testcase classname="io.cucumber.testng.AbstractTestNGCucumberTests" name="runScenario" time="4.053">
    <failure type="java.lang.AssertionError" message="expected [Dashboard / nopCommerce administration] but found [ChromeDriver: chrome on windows (3c70df70f4371cbec962996da6061974)]">
      <![CDATA[java.lang.AssertionError: expected [Dashboard / nopCommerce administration] but found [ChromeDriver: chrome on windows (3c70df70f4371cbec962996da6061974)]
at org.testng.Assert.fail(Assert.java:99)
at org.testng.Assert.failNotEquals(Assert.java:1037)
at org.testng.Assert.assertEqualsImpl(Assert.java:140)
at org.testng.Assert.assertEquals(Assert.java:122)
at org.testng.Assert.assertEquals(Assert.java:617)
at Stepdefination.stepDefination.user_verify_title_of_the_page(stepDefination.java:88)
at âœ½.user verify title of the page "Dashboard / nopCommerce administration"(file:///C:/Users/VIGHALGE/Desktop/Cucumber/Web_App/Features/Login_Feature.feature:16)
]]>
    </failure>
  </testcase> <!-- runScenario -->
</testsuite> <!-- Default test -->
